<?xml version="1.0" encoding="UTF-8"?>
<!-- Generated by org.testng.reporters.JUnitXMLReporter -->
<testsuite ignored="0" hostname="DESKTOP-ROFUC2D" failures="0" tests="18" name="Surefire test" time="333.315" errors="0" timestamp="2024-01-31T11:33:37 IST">
  <testcase classname="curaHealthCare.tests.ErrorValidationsTest" name="verifyLoginErrorMessage" time="7.188"/>
  <testcase classname="curaHealthCare.tests.LoginTest" name="loginWithMakeAppointLink" time="2.529"/>
  <testcase classname="curaHealthCare.tests.LoginTest" name="loginWithNavbar" time="2.565"/>
  <testcase classname="curaHealthCare.tests.MakeAppointmentTest" name="bookHistory" time="9.238"/>
  <testcase classname="curaHealthCare.tests.MakeAppointmentTest" name="bookHistory" time="6.814"/>
  <testcase classname="curaHealthCare.tests.MakeAppointmentTest" name="bookHistory" time="6.435"/>
  <testcase classname="curaHealthCare.tests.MakeAppointmentTest" name="withDefaultHealthCareProgram" time="7.264"/>
  <testcase classname="curaHealthCare.tests.MakeAppointmentTest" name="withDefaultHealthCareProgram" time="8.787"/>
  <testcase classname="curaHealthCare.tests.MakeAppointmentTest" name="withDefaultHealthCareProgram" time="6.443"/>
  <testcase classname="curaHealthCare.tests.MakeAppointmentTest" name="withMedicaidHealthCareProgram" time="8.557"/>
  <testcase classname="curaHealthCare.tests.MakeAppointmentTest" name="withMedicaidHealthCareProgram" time="6.278"/>
  <testcase classname="curaHealthCare.tests.MakeAppointmentTest" name="withMedicaidHealthCareProgram" time="6.669"/>
  <testcase classname="curaHealthCare.tests.MakeAppointmentTest" name="withNoHealthCareProgram" time="7.333"/>
  <testcase classname="curaHealthCare.tests.MakeAppointmentTest" name="withNoHealthCareProgram" time="6.699"/>
  <testcase classname="curaHealthCare.tests.MakeAppointmentTest" name="withNoHealthCareProgram" time="6.444"/>
  <testcase classname="curaHealthCare.tests.MakeAppointmentTest" name="withoutHospitalReadmission" time="7.154"/>
  <testcase classname="curaHealthCare.tests.MakeAppointmentTest" name="withoutHospitalReadmission" time="6.299"/>
  <testcase classname="curaHealthCare.tests.MakeAppointmentTest" name="withoutHospitalReadmission" time="6.33"/>
</testsuite> <!-- Surefire test -->
