<?xml version="1.0" encoding="UTF-8"?>
<!-- Generated by org.testng.reporters.JUnitXMLReporter -->
<testsuite ignored="1" hostname="DESKTOP-ROFUC2D" failures="0" tests="1" name="Default test" time="28.221" errors="0" timestamp="2024-01-30T19:16:43 IST">
  <testcase classname="curaHealthCare.tests.LoginTest" name="loginWithNavbar" time="4.473"/>
  <testcase classname="curaHealthCare.tests.LoginTest" name="loginWithMakeAppointLink" time="0.0">
    <ignored/>
  </testcase> <!-- loginWithMakeAppointLink -->
</testsuite> <!-- Default test -->
