<?xml version="1.0" encoding="UTF-8"?>
<!-- Generated by org.testng.reporters.JUnitXMLReporter -->
<testsuite ignored="0" hostname="DESKTOP-ROFUC2D" failures="0" tests="12" name="AppointmentTest" time="283.692" errors="0" timestamp="2024-01-29T22:00:22 IST">
  <testcase classname="curaHealthCare.tests.MakeAppointmentTest" name="withDefaultHealthCareProgram" time="12.98"/>
  <testcase classname="curaHealthCare.tests.MakeAppointmentTest" name="withDefaultHealthCareProgram" time="8.43"/>
  <testcase classname="curaHealthCare.tests.MakeAppointmentTest" name="withDefaultHealthCareProgram" time="7.028"/>
  <testcase classname="curaHealthCare.tests.MakeAppointmentTest" name="withMedicaidHealthCareProgram" time="8.317"/>
  <testcase classname="curaHealthCare.tests.MakeAppointmentTest" name="withMedicaidHealthCareProgram" time="7.418"/>
  <testcase classname="curaHealthCare.tests.MakeAppointmentTest" name="withMedicaidHealthCareProgram" time="7.828"/>
  <testcase classname="curaHealthCare.tests.MakeAppointmentTest" name="withNoHealthCareProgram" time="8.654"/>
  <testcase classname="curaHealthCare.tests.MakeAppointmentTest" name="withNoHealthCareProgram" time="6.926"/>
  <testcase classname="curaHealthCare.tests.MakeAppointmentTest" name="withNoHealthCareProgram" time="7.172"/>
  <testcase classname="curaHealthCare.tests.MakeAppointmentTest" name="withoutHospitalReadmission" time="7.422"/>
  <testcase classname="curaHealthCare.tests.MakeAppointmentTest" name="withoutHospitalReadmission" time="7.441"/>
  <testcase classname="curaHealthCare.tests.MakeAppointmentTest" name="withoutHospitalReadmission" time="6.281"/>
</testsuite> <!-- AppointmentTest -->
