<?xml version="1.0" encoding="UTF-8"?>
<!-- Generated by org.testng.reporters.JUnitXMLReporter -->
<testsuite ignored="7" hostname="DESKTOP-ROFUC2D" failures="0" tests="1" name="Test" time="18.563" errors="0" timestamp="2024-01-30T13:55:45 IST">
  <testcase classname="curaHealthCare.tests.ErrorValidationsTest" name="verifyLoginErrorMessage" time="3.36"/>
  <testcase classname="curaHealthCare.tests.MakeAppointmentTest" name="withNoHealthCareProgram" time="0.0">
    <ignored/>
  </testcase> <!-- withNoHealthCareProgram -->
  <testcase classname="curaHealthCare.tests.MakeAppointmentTest" name="withMedicaidHealthCareProgram" time="0.0">
    <ignored/>
  </testcase> <!-- withMedicaidHealthCareProgram -->
  <testcase classname="curaHealthCare.tests.LoginTest" name="loginWithMakeAppointLink" time="0.0">
    <ignored/>
  </testcase> <!-- loginWithMakeAppointLink -->
  <testcase classname="curaHealthCare.tests.MakeAppointmentTest" name="withoutHospitalReadmission" time="0.0">
    <ignored/>
  </testcase> <!-- withoutHospitalReadmission -->
  <testcase classname="curaHealthCare.tests.MakeAppointmentTest" name="withDefaultHealthCareProgram" time="0.0">
    <ignored/>
  </testcase> <!-- withDefaultHealthCareProgram -->
  <testcase classname="curaHealthCare.tests.MakeAppointmentTest" name="bookHistory" time="0.0">
    <ignored/>
  </testcase> <!-- bookHistory -->
  <testcase classname="curaHealthCare.tests.LoginTest" name="loginWithNavbar" time="0.0">
    <ignored/>
  </testcase> <!-- loginWithNavbar -->
</testsuite> <!-- Test -->
