<?xml version="1.0" encoding="UTF-8"?>
<!-- Generated by org.testng.reporters.JUnitXMLReporter -->
<testsuite ignored="0" hostname="DESKTOP-ROFUC2D" failures="0" tests="15" name="AppointmentTest" time="299.3" errors="0" timestamp="2024-02-03T20:28:59 IST">
  <testcase classname="curaHealthCare.tests.MakeAppointmentTest" name="bookHistory" time="9.925"/>
  <testcase classname="curaHealthCare.tests.MakeAppointmentTest" name="bookHistory" time="8.248"/>
  <testcase classname="curaHealthCare.tests.MakeAppointmentTest" name="bookHistory" time="7.353"/>
  <testcase classname="curaHealthCare.tests.MakeAppointmentTest" name="withDefaultHealthCareProgram" time="8.838"/>
  <testcase classname="curaHealthCare.tests.MakeAppointmentTest" name="withDefaultHealthCareProgram" time="7.013"/>
  <testcase classname="curaHealthCare.tests.MakeAppointmentTest" name="withDefaultHealthCareProgram" time="6.537"/>
  <testcase classname="curaHealthCare.tests.MakeAppointmentTest" name="withMedicaidHealthCareProgram" time="8.653"/>
  <testcase classname="curaHealthCare.tests.MakeAppointmentTest" name="withMedicaidHealthCareProgram" time="6.65"/>
  <testcase classname="curaHealthCare.tests.MakeAppointmentTest" name="withMedicaidHealthCareProgram" time="6.4"/>
  <testcase classname="curaHealthCare.tests.MakeAppointmentTest" name="withNoHealthCareProgram" time="8.045"/>
  <testcase classname="curaHealthCare.tests.MakeAppointmentTest" name="withNoHealthCareProgram" time="5.86"/>
  <testcase classname="curaHealthCare.tests.MakeAppointmentTest" name="withNoHealthCareProgram" time="6.133"/>
  <testcase classname="curaHealthCare.tests.MakeAppointmentTest" name="withoutHospitalReadmission" time="7.82"/>
  <testcase classname="curaHealthCare.tests.MakeAppointmentTest" name="withoutHospitalReadmission" time="8.428"/>
  <testcase classname="curaHealthCare.tests.MakeAppointmentTest" name="withoutHospitalReadmission" time="7.905"/>
</testsuite> <!-- AppointmentTest -->
