<?xml version="1.0" encoding="UTF-8"?>
<!-- Generated by org.testng.reporters.JUnitXMLReporter -->
<testsuite ignored="6" hostname="DESKTOP-ROFUC2D" failures="0" tests="4" name="Test" time="171.812" errors="0" timestamp="2024-01-30T20:53:06 IST">
  <testcase classname="curaHealthCare.tests.MakeAppointmentTest" name="bookHistory" time="29.755"/>
  <testcase classname="curaHealthCare.tests.MakeAppointmentTest" name="bookHistory" time="17.298"/>
  <testcase classname="curaHealthCare.tests.MakeAppointmentTest" name="bookHistory" time="10.458"/>
  <testcase classname="curaHealthCare.tests.LoginTest" name="loginWithMakeAppointLink" time="2.974"/>
  <testcase classname="curaHealthCare.tests.MakeAppointmentTest" name="withNoHealthCareProgram" time="0.0">
    <ignored/>
  </testcase> <!-- withNoHealthCareProgram -->
  <testcase classname="curaHealthCare.tests.MakeAppointmentTest" name="withoutHospitalReadmission" time="0.0">
    <ignored/>
  </testcase> <!-- withoutHospitalReadmission -->
  <testcase classname="curaHealthCare.tests.MakeAppointmentTest" name="withDefaultHealthCareProgram" time="0.0">
    <ignored/>
  </testcase> <!-- withDefaultHealthCareProgram -->
  <testcase classname="curaHealthCare.tests.MakeAppointmentTest" name="withMedicaidHealthCareProgram" time="0.0">
    <ignored/>
  </testcase> <!-- withMedicaidHealthCareProgram -->
  <testcase classname="curaHealthCare.tests.LoginTest" name="loginWithNavbar" time="0.0">
    <ignored/>
  </testcase> <!-- loginWithNavbar -->
  <testcase classname="curaHealthCare.tests.ErrorValidationsTest" name="verifyLoginErrorMessage" time="0.0">
    <ignored/>
  </testcase> <!-- verifyLoginErrorMessage -->
</testsuite> <!-- Test -->
