<?xml version="1.0" encoding="UTF-8"?>
<testng-results ignored="0" total="18" passed="18" failed="0" skipped="0">
  <reporter-output>
  </reporter-output>
  <suite started-at="2024-02-03T20:23:58 IST" name="Suite" finished-at="2024-02-03T20:29:51 IST" duration-ms="352560">
    <groups>
      <group name="smoke">
        <method signature="MakeAppointmentTest.bookHistory(java.util.HashMap)[pri:0, instance:curaHealthCare.tests.MakeAppointmentTest@710c2b53]" name="bookHistory" class="curaHealthCare.tests.MakeAppointmentTest"/>
        <method signature="LoginTest.loginWithMakeAppointLink(java.util.HashMap)[pri:0, instance:curaHealthCare.tests.LoginTest@65f8f5ae]" name="loginWithMakeAppointLink" class="curaHealthCare.tests.LoginTest"/>
      </group> <!-- smoke -->
      <group name="errorHandling">
        <method signature="ErrorValidationsTest.verifyLoginErrorMessage()[pri:0, instance:curaHealthCare.tests.ErrorValidationsTest@790da477]" name="verifyLoginErrorMessage" class="curaHealthCare.tests.ErrorValidationsTest"/>
      </group> <!-- errorHandling -->
    </groups>
    <test started-at="2024-02-03T20:23:58 IST" name="AppointmentTest" finished-at="2024-02-03T20:28:57 IST" duration-ms="299300">
      <class name="curaHealthCare.tests.MakeAppointmentTest">
        <test-method is-config="true" signature="launchApplication()[pri:0, instance:curaHealthCare.tests.MakeAppointmentTest@710c2b53]" started-at="2024-02-03T20:23:59 IST" name="launchApplication" finished-at="2024-02-03T20:24:24 IST" duration-ms="24703" status="PASS">
          <reporter-output>
          </reporter-output>
        </test-method> <!-- launchApplication -->
        <test-method signature="bookHistory(java.util.HashMap)[pri:0, instance:curaHealthCare.tests.MakeAppointmentTest@710c2b53]" started-at="2024-02-03T20:24:24 IST" name="bookHistory" data-provider="appointmentData" finished-at="2024-02-03T20:24:34 IST" duration-ms="9925" status="PASS">
          <params>
            <param index="0">
              <value>
                <![CDATA[{monthAndYear=March 2025, password=ThisIsNotAPassword, comment=I want to checkup my teeth, user=John Doe, facility=Tokyo CURA Healthcare Center, day=6}]]>
              </value>
            </param>
          </params>
          <reporter-output>
          </reporter-output>
        </test-method> <!-- bookHistory -->
        <test-method is-config="true" signature="tearDown()[pri:0, instance:curaHealthCare.tests.MakeAppointmentTest@710c2b53]" started-at="2024-02-03T20:24:34 IST" name="tearDown" finished-at="2024-02-03T20:24:35 IST" duration-ms="893" status="PASS">
          <reporter-output>
          </reporter-output>
        </test-method> <!-- tearDown -->
        <test-method is-config="true" signature="launchApplication()[pri:0, instance:curaHealthCare.tests.MakeAppointmentTest@710c2b53]" started-at="2024-02-03T20:24:35 IST" name="launchApplication" finished-at="2024-02-03T20:24:46 IST" duration-ms="11932" status="PASS">
          <reporter-output>
          </reporter-output>
        </test-method> <!-- launchApplication -->
        <test-method signature="bookHistory(java.util.HashMap)[pri:0, instance:curaHealthCare.tests.MakeAppointmentTest@710c2b53]" started-at="2024-02-03T20:24:46 IST" name="bookHistory" data-provider="appointmentData" finished-at="2024-02-03T20:24:55 IST" duration-ms="8248" status="PASS">
          <params>
            <param index="0">
              <value>
                <![CDATA[{monthAndYear=May 2024, password=ThisIsNotAPassword, comment=I want to checkup my mouth, user=John Doe, facility=Hongkong CURA Healthcare Center, day=21}]]>
              </value>
            </param>
          </params>
          <reporter-output>
          </reporter-output>
        </test-method> <!-- bookHistory -->
        <test-method is-config="true" signature="tearDown()[pri:0, instance:curaHealthCare.tests.MakeAppointmentTest@710c2b53]" started-at="2024-02-03T20:24:55 IST" name="tearDown" finished-at="2024-02-03T20:24:55 IST" duration-ms="609" status="PASS">
          <reporter-output>
          </reporter-output>
        </test-method> <!-- tearDown -->
        <test-method is-config="true" signature="launchApplication()[pri:0, instance:curaHealthCare.tests.MakeAppointmentTest@710c2b53]" started-at="2024-02-03T20:24:55 IST" name="launchApplication" finished-at="2024-02-03T20:25:05 IST" duration-ms="9908" status="PASS">
          <reporter-output>
          </reporter-output>
        </test-method> <!-- launchApplication -->
        <test-method signature="bookHistory(java.util.HashMap)[pri:0, instance:curaHealthCare.tests.MakeAppointmentTest@710c2b53]" started-at="2024-02-03T20:25:05 IST" name="bookHistory" data-provider="appointmentData" finished-at="2024-02-03T20:25:13 IST" duration-ms="7353" status="PASS">
          <params>
            <param index="0">
              <value>
                <![CDATA[{monthAndYear=May 2024, password=ThisIsNotAPassword, comment=I want to checkup my mouth, user=John Doe, facility=Hongkong CURA Healthcare Center, day=21}]]>
              </value>
            </param>
          </params>
          <reporter-output>
          </reporter-output>
        </test-method> <!-- bookHistory -->
        <test-method is-config="true" signature="tearDown()[pri:0, instance:curaHealthCare.tests.MakeAppointmentTest@710c2b53]" started-at="2024-02-03T20:25:13 IST" name="tearDown" finished-at="2024-02-03T20:25:13 IST" duration-ms="391" status="PASS">
          <reporter-output>
          </reporter-output>
        </test-method> <!-- tearDown -->
        <test-method is-config="true" signature="launchApplication()[pri:0, instance:curaHealthCare.tests.MakeAppointmentTest@710c2b53]" started-at="2024-02-03T20:25:13 IST" name="launchApplication" finished-at="2024-02-03T20:25:23 IST" duration-ms="10385" status="PASS">
          <reporter-output>
          </reporter-output>
        </test-method> <!-- launchApplication -->
        <test-method signature="withDefaultHealthCareProgram(java.util.HashMap)[pri:0, instance:curaHealthCare.tests.MakeAppointmentTest@710c2b53]" started-at="2024-02-03T20:25:23 IST" name="withDefaultHealthCareProgram" data-provider="appointmentData" finished-at="2024-02-03T20:25:32 IST" duration-ms="8838" status="PASS">
          <params>
            <param index="0">
              <value>
                <![CDATA[{monthAndYear=March 2025, password=ThisIsNotAPassword, comment=I want to checkup my teeth, user=John Doe, facility=Tokyo CURA Healthcare Center, day=6}]]>
              </value>
            </param>
          </params>
          <reporter-output>
          </reporter-output>
        </test-method> <!-- withDefaultHealthCareProgram -->
        <test-method is-config="true" signature="tearDown()[pri:0, instance:curaHealthCare.tests.MakeAppointmentTest@710c2b53]" started-at="2024-02-03T20:25:32 IST" name="tearDown" finished-at="2024-02-03T20:25:33 IST" duration-ms="510" status="PASS">
          <reporter-output>
          </reporter-output>
        </test-method> <!-- tearDown -->
        <test-method is-config="true" signature="launchApplication()[pri:0, instance:curaHealthCare.tests.MakeAppointmentTest@710c2b53]" started-at="2024-02-03T20:25:33 IST" name="launchApplication" finished-at="2024-02-03T20:25:43 IST" duration-ms="10144" status="PASS">
          <reporter-output>
          </reporter-output>
        </test-method> <!-- launchApplication -->
        <test-method signature="withDefaultHealthCareProgram(java.util.HashMap)[pri:0, instance:curaHealthCare.tests.MakeAppointmentTest@710c2b53]" started-at="2024-02-03T20:25:43 IST" name="withDefaultHealthCareProgram" data-provider="appointmentData" finished-at="2024-02-03T20:25:50 IST" duration-ms="7013" status="PASS">
          <params>
            <param index="0">
              <value>
                <![CDATA[{monthAndYear=May 2024, password=ThisIsNotAPassword, comment=I want to checkup my mouth, user=John Doe, facility=Hongkong CURA Healthcare Center, day=21}]]>
              </value>
            </param>
          </params>
          <reporter-output>
          </reporter-output>
        </test-method> <!-- withDefaultHealthCareProgram -->
        <test-method is-config="true" signature="tearDown()[pri:0, instance:curaHealthCare.tests.MakeAppointmentTest@710c2b53]" started-at="2024-02-03T20:25:50 IST" name="tearDown" finished-at="2024-02-03T20:25:50 IST" duration-ms="539" status="PASS">
          <reporter-output>
          </reporter-output>
        </test-method> <!-- tearDown -->
        <test-method is-config="true" signature="launchApplication()[pri:0, instance:curaHealthCare.tests.MakeAppointmentTest@710c2b53]" started-at="2024-02-03T20:25:50 IST" name="launchApplication" finished-at="2024-02-03T20:26:01 IST" duration-ms="10301" status="PASS">
          <reporter-output>
          </reporter-output>
        </test-method> <!-- launchApplication -->
        <test-method signature="withDefaultHealthCareProgram(java.util.HashMap)[pri:0, instance:curaHealthCare.tests.MakeAppointmentTest@710c2b53]" started-at="2024-02-03T20:26:01 IST" name="withDefaultHealthCareProgram" data-provider="appointmentData" finished-at="2024-02-03T20:26:07 IST" duration-ms="6537" status="PASS">
          <params>
            <param index="0">
              <value>
                <![CDATA[{monthAndYear=May 2024, password=ThisIsNotAPassword, comment=I want to checkup my mouth, user=John Doe, facility=Hongkong CURA Healthcare Center, day=21}]]>
              </value>
            </param>
          </params>
          <reporter-output>
          </reporter-output>
        </test-method> <!-- withDefaultHealthCareProgram -->
        <test-method is-config="true" signature="tearDown()[pri:0, instance:curaHealthCare.tests.MakeAppointmentTest@710c2b53]" started-at="2024-02-03T20:26:07 IST" name="tearDown" finished-at="2024-02-03T20:26:08 IST" duration-ms="393" status="PASS">
          <reporter-output>
          </reporter-output>
        </test-method> <!-- tearDown -->
        <test-method is-config="true" signature="launchApplication()[pri:0, instance:curaHealthCare.tests.MakeAppointmentTest@710c2b53]" started-at="2024-02-03T20:26:08 IST" name="launchApplication" finished-at="2024-02-03T20:26:19 IST" duration-ms="11155" status="PASS">
          <reporter-output>
          </reporter-output>
        </test-method> <!-- launchApplication -->
        <test-method signature="withMedicaidHealthCareProgram(java.util.HashMap)[pri:0, instance:curaHealthCare.tests.MakeAppointmentTest@710c2b53]" started-at="2024-02-03T20:26:19 IST" name="withMedicaidHealthCareProgram" data-provider="appointmentData" finished-at="2024-02-03T20:26:27 IST" duration-ms="8653" status="PASS">
          <params>
            <param index="0">
              <value>
                <![CDATA[{monthAndYear=March 2025, password=ThisIsNotAPassword, comment=I want to checkup my teeth, user=John Doe, facility=Tokyo CURA Healthcare Center, day=6}]]>
              </value>
            </param>
          </params>
          <reporter-output>
          </reporter-output>
        </test-method> <!-- withMedicaidHealthCareProgram -->
        <test-method is-config="true" signature="tearDown()[pri:0, instance:curaHealthCare.tests.MakeAppointmentTest@710c2b53]" started-at="2024-02-03T20:26:27 IST" name="tearDown" finished-at="2024-02-03T20:26:28 IST" duration-ms="624" status="PASS">
          <reporter-output>
          </reporter-output>
        </test-method> <!-- tearDown -->
        <test-method is-config="true" signature="launchApplication()[pri:0, instance:curaHealthCare.tests.MakeAppointmentTest@710c2b53]" started-at="2024-02-03T20:26:28 IST" name="launchApplication" finished-at="2024-02-03T20:26:38 IST" duration-ms="9607" status="PASS">
          <reporter-output>
          </reporter-output>
        </test-method> <!-- launchApplication -->
        <test-method signature="withMedicaidHealthCareProgram(java.util.HashMap)[pri:0, instance:curaHealthCare.tests.MakeAppointmentTest@710c2b53]" started-at="2024-02-03T20:26:38 IST" name="withMedicaidHealthCareProgram" data-provider="appointmentData" finished-at="2024-02-03T20:26:44 IST" duration-ms="6650" status="PASS">
          <params>
            <param index="0">
              <value>
                <![CDATA[{monthAndYear=May 2024, password=ThisIsNotAPassword, comment=I want to checkup my mouth, user=John Doe, facility=Hongkong CURA Healthcare Center, day=21}]]>
              </value>
            </param>
          </params>
          <reporter-output>
          </reporter-output>
        </test-method> <!-- withMedicaidHealthCareProgram -->
        <test-method is-config="true" signature="tearDown()[pri:0, instance:curaHealthCare.tests.MakeAppointmentTest@710c2b53]" started-at="2024-02-03T20:26:44 IST" name="tearDown" finished-at="2024-02-03T20:26:45 IST" duration-ms="653" status="PASS">
          <reporter-output>
          </reporter-output>
        </test-method> <!-- tearDown -->
        <test-method is-config="true" signature="launchApplication()[pri:0, instance:curaHealthCare.tests.MakeAppointmentTest@710c2b53]" started-at="2024-02-03T20:26:45 IST" name="launchApplication" finished-at="2024-02-03T20:26:55 IST" duration-ms="9809" status="PASS">
          <reporter-output>
          </reporter-output>
        </test-method> <!-- launchApplication -->
        <test-method signature="withMedicaidHealthCareProgram(java.util.HashMap)[pri:0, instance:curaHealthCare.tests.MakeAppointmentTest@710c2b53]" started-at="2024-02-03T20:26:55 IST" name="withMedicaidHealthCareProgram" data-provider="appointmentData" finished-at="2024-02-03T20:27:01 IST" duration-ms="6400" status="PASS">
          <params>
            <param index="0">
              <value>
                <![CDATA[{monthAndYear=May 2024, password=ThisIsNotAPassword, comment=I want to checkup my mouth, user=John Doe, facility=Hongkong CURA Healthcare Center, day=21}]]>
              </value>
            </param>
          </params>
          <reporter-output>
          </reporter-output>
        </test-method> <!-- withMedicaidHealthCareProgram -->
        <test-method is-config="true" signature="tearDown()[pri:0, instance:curaHealthCare.tests.MakeAppointmentTest@710c2b53]" started-at="2024-02-03T20:27:01 IST" name="tearDown" finished-at="2024-02-03T20:27:02 IST" duration-ms="354" status="PASS">
          <reporter-output>
          </reporter-output>
        </test-method> <!-- tearDown -->
        <test-method is-config="true" signature="launchApplication()[pri:0, instance:curaHealthCare.tests.MakeAppointmentTest@710c2b53]" started-at="2024-02-03T20:27:02 IST" name="launchApplication" finished-at="2024-02-03T20:27:11 IST" duration-ms="9141" status="PASS">
          <reporter-output>
          </reporter-output>
        </test-method> <!-- launchApplication -->
        <test-method signature="withNoHealthCareProgram(java.util.HashMap)[pri:0, instance:curaHealthCare.tests.MakeAppointmentTest@710c2b53]" started-at="2024-02-03T20:27:11 IST" name="withNoHealthCareProgram" data-provider="appointmentData" finished-at="2024-02-03T20:27:19 IST" duration-ms="8045" status="PASS">
          <params>
            <param index="0">
              <value>
                <![CDATA[{monthAndYear=March 2025, password=ThisIsNotAPassword, comment=I want to checkup my teeth, user=John Doe, facility=Tokyo CURA Healthcare Center, day=6}]]>
              </value>
            </param>
          </params>
          <reporter-output>
          </reporter-output>
        </test-method> <!-- withNoHealthCareProgram -->
        <test-method is-config="true" signature="tearDown()[pri:0, instance:curaHealthCare.tests.MakeAppointmentTest@710c2b53]" started-at="2024-02-03T20:27:19 IST" name="tearDown" finished-at="2024-02-03T20:27:19 IST" duration-ms="373" status="PASS">
          <reporter-output>
          </reporter-output>
        </test-method> <!-- tearDown -->
        <test-method is-config="true" signature="launchApplication()[pri:0, instance:curaHealthCare.tests.MakeAppointmentTest@710c2b53]" started-at="2024-02-03T20:27:19 IST" name="launchApplication" finished-at="2024-02-03T20:27:30 IST" duration-ms="10830" status="PASS">
          <reporter-output>
          </reporter-output>
        </test-method> <!-- launchApplication -->
        <test-method signature="withNoHealthCareProgram(java.util.HashMap)[pri:0, instance:curaHealthCare.tests.MakeAppointmentTest@710c2b53]" started-at="2024-02-03T20:27:30 IST" name="withNoHealthCareProgram" data-provider="appointmentData" finished-at="2024-02-03T20:27:36 IST" duration-ms="5860" status="PASS">
          <params>
            <param index="0">
              <value>
                <![CDATA[{monthAndYear=May 2024, password=ThisIsNotAPassword, comment=I want to checkup my mouth, user=John Doe, facility=Hongkong CURA Healthcare Center, day=21}]]>
              </value>
            </param>
          </params>
          <reporter-output>
          </reporter-output>
        </test-method> <!-- withNoHealthCareProgram -->
        <test-method is-config="true" signature="tearDown()[pri:0, instance:curaHealthCare.tests.MakeAppointmentTest@710c2b53]" started-at="2024-02-03T20:27:36 IST" name="tearDown" finished-at="2024-02-03T20:27:36 IST" duration-ms="378" status="PASS">
          <reporter-output>
          </reporter-output>
        </test-method> <!-- tearDown -->
        <test-method is-config="true" signature="launchApplication()[pri:0, instance:curaHealthCare.tests.MakeAppointmentTest@710c2b53]" started-at="2024-02-03T20:27:36 IST" name="launchApplication" finished-at="2024-02-03T20:27:47 IST" duration-ms="10492" status="PASS">
          <reporter-output>
          </reporter-output>
        </test-method> <!-- launchApplication -->
        <test-method signature="withNoHealthCareProgram(java.util.HashMap)[pri:0, instance:curaHealthCare.tests.MakeAppointmentTest@710c2b53]" started-at="2024-02-03T20:27:47 IST" name="withNoHealthCareProgram" data-provider="appointmentData" finished-at="2024-02-03T20:27:53 IST" duration-ms="6133" status="PASS">
          <params>
            <param index="0">
              <value>
                <![CDATA[{monthAndYear=May 2024, password=ThisIsNotAPassword, comment=I want to checkup my mouth, user=John Doe, facility=Hongkong CURA Healthcare Center, day=21}]]>
              </value>
            </param>
          </params>
          <reporter-output>
          </reporter-output>
        </test-method> <!-- withNoHealthCareProgram -->
        <test-method is-config="true" signature="tearDown()[pri:0, instance:curaHealthCare.tests.MakeAppointmentTest@710c2b53]" started-at="2024-02-03T20:27:53 IST" name="tearDown" finished-at="2024-02-03T20:27:53 IST" duration-ms="297" status="PASS">
          <reporter-output>
          </reporter-output>
        </test-method> <!-- tearDown -->
        <test-method is-config="true" signature="launchApplication()[pri:0, instance:curaHealthCare.tests.MakeAppointmentTest@710c2b53]" started-at="2024-02-03T20:27:53 IST" name="launchApplication" finished-at="2024-02-03T20:28:03 IST" duration-ms="9665" status="PASS">
          <reporter-output>
          </reporter-output>
        </test-method> <!-- launchApplication -->
        <test-method signature="withoutHospitalReadmission(java.util.HashMap)[pri:0, instance:curaHealthCare.tests.MakeAppointmentTest@710c2b53]" started-at="2024-02-03T20:28:03 IST" name="withoutHospitalReadmission" data-provider="appointmentData" finished-at="2024-02-03T20:28:11 IST" duration-ms="7820" status="PASS">
          <params>
            <param index="0">
              <value>
                <![CDATA[{monthAndYear=March 2025, password=ThisIsNotAPassword, comment=I want to checkup my teeth, user=John Doe, facility=Tokyo CURA Healthcare Center, day=6}]]>
              </value>
            </param>
          </params>
          <reporter-output>
          </reporter-output>
        </test-method> <!-- withoutHospitalReadmission -->
        <test-method is-config="true" signature="tearDown()[pri:0, instance:curaHealthCare.tests.MakeAppointmentTest@710c2b53]" started-at="2024-02-03T20:28:11 IST" name="tearDown" finished-at="2024-02-03T20:28:11 IST" duration-ms="542" status="PASS">
          <reporter-output>
          </reporter-output>
        </test-method> <!-- tearDown -->
        <test-method is-config="true" signature="launchApplication()[pri:0, instance:curaHealthCare.tests.MakeAppointmentTest@710c2b53]" started-at="2024-02-03T20:28:11 IST" name="launchApplication" finished-at="2024-02-03T20:28:25 IST" duration-ms="13373" status="PASS">
          <reporter-output>
          </reporter-output>
        </test-method> <!-- launchApplication -->
        <test-method signature="withoutHospitalReadmission(java.util.HashMap)[pri:0, instance:curaHealthCare.tests.MakeAppointmentTest@710c2b53]" started-at="2024-02-03T20:28:25 IST" name="withoutHospitalReadmission" data-provider="appointmentData" finished-at="2024-02-03T20:28:33 IST" duration-ms="8428" status="PASS">
          <params>
            <param index="0">
              <value>
                <![CDATA[{monthAndYear=May 2024, password=ThisIsNotAPassword, comment=I want to checkup my mouth, user=John Doe, facility=Hongkong CURA Healthcare Center, day=21}]]>
              </value>
            </param>
          </params>
          <reporter-output>
          </reporter-output>
        </test-method> <!-- withoutHospitalReadmission -->
        <test-method is-config="true" signature="tearDown()[pri:0, instance:curaHealthCare.tests.MakeAppointmentTest@710c2b53]" started-at="2024-02-03T20:28:33 IST" name="tearDown" finished-at="2024-02-03T20:28:36 IST" duration-ms="2716" status="PASS">
          <reporter-output>
          </reporter-output>
        </test-method> <!-- tearDown -->
        <test-method is-config="true" signature="launchApplication()[pri:0, instance:curaHealthCare.tests.MakeAppointmentTest@710c2b53]" started-at="2024-02-03T20:28:36 IST" name="launchApplication" finished-at="2024-02-03T20:28:49 IST" duration-ms="12887" status="PASS">
          <reporter-output>
          </reporter-output>
        </test-method> <!-- launchApplication -->
        <test-method signature="withoutHospitalReadmission(java.util.HashMap)[pri:0, instance:curaHealthCare.tests.MakeAppointmentTest@710c2b53]" started-at="2024-02-03T20:28:49 IST" name="withoutHospitalReadmission" data-provider="appointmentData" finished-at="2024-02-03T20:28:57 IST" duration-ms="7905" status="PASS">
          <params>
            <param index="0">
              <value>
                <![CDATA[{monthAndYear=May 2024, password=ThisIsNotAPassword, comment=I want to checkup my mouth, user=John Doe, facility=Hongkong CURA Healthcare Center, day=21}]]>
              </value>
            </param>
          </params>
          <reporter-output>
          </reporter-output>
        </test-method> <!-- withoutHospitalReadmission -->
        <test-method is-config="true" signature="tearDown()[pri:0, instance:curaHealthCare.tests.MakeAppointmentTest@710c2b53]" started-at="2024-02-03T20:28:57 IST" name="tearDown" finished-at="2024-02-03T20:28:57 IST" duration-ms="746" status="PASS">
          <reporter-output>
          </reporter-output>
        </test-method> <!-- tearDown -->
      </class> <!-- curaHealthCare.tests.MakeAppointmentTest -->
    </test> <!-- AppointmentTest -->
    <test started-at="2024-02-03T20:28:59 IST" name="LoginTest" finished-at="2024-02-03T20:29:33 IST" duration-ms="34310">
      <class name="curaHealthCare.tests.LoginTest">
        <test-method is-config="true" signature="launchApplication()[pri:0, instance:curaHealthCare.tests.LoginTest@65f8f5ae]" started-at="2024-02-03T20:28:59 IST" name="launchApplication" finished-at="2024-02-03T20:29:12 IST" duration-ms="12421" status="PASS">
          <reporter-output>
          </reporter-output>
        </test-method> <!-- launchApplication -->
        <test-method signature="loginWithMakeAppointLink(java.util.HashMap)[pri:0, instance:curaHealthCare.tests.LoginTest@65f8f5ae]" started-at="2024-02-03T20:29:12 IST" name="loginWithMakeAppointLink" data-provider="loginData" finished-at="2024-02-03T20:29:16 IST" duration-ms="3910" status="PASS">
          <params>
            <param index="0">
              <value>
                <![CDATA[{monthAndYear=March 2025, password=ThisIsNotAPassword, comment=I want to checkup my teeth, user=John Doe, facility=Tokyo CURA Healthcare Center, day=6}]]>
              </value>
            </param>
          </params>
          <reporter-output>
          </reporter-output>
        </test-method> <!-- loginWithMakeAppointLink -->
        <test-method is-config="true" signature="tearDown()[pri:0, instance:curaHealthCare.tests.LoginTest@65f8f5ae]" started-at="2024-02-03T20:29:16 IST" name="tearDown" finished-at="2024-02-03T20:29:16 IST" duration-ms="869" status="PASS">
          <reporter-output>
          </reporter-output>
        </test-method> <!-- tearDown -->
        <test-method is-config="true" signature="launchApplication()[pri:0, instance:curaHealthCare.tests.LoginTest@65f8f5ae]" started-at="2024-02-03T20:29:16 IST" name="launchApplication" finished-at="2024-02-03T20:29:29 IST" duration-ms="12891" status="PASS">
          <reporter-output>
          </reporter-output>
        </test-method> <!-- launchApplication -->
        <test-method signature="loginWithNavbar(java.util.HashMap)[pri:0, instance:curaHealthCare.tests.LoginTest@65f8f5ae]" started-at="2024-02-03T20:29:29 IST" name="loginWithNavbar" data-provider="loginData" finished-at="2024-02-03T20:29:32 IST" duration-ms="2990" status="PASS">
          <params>
            <param index="0">
              <value>
                <![CDATA[{monthAndYear=March 2025, password=ThisIsNotAPassword, comment=I want to checkup my teeth, user=John Doe, facility=Tokyo CURA Healthcare Center, day=6}]]>
              </value>
            </param>
          </params>
          <reporter-output>
          </reporter-output>
        </test-method> <!-- loginWithNavbar -->
        <test-method is-config="true" signature="tearDown()[pri:0, instance:curaHealthCare.tests.LoginTest@65f8f5ae]" started-at="2024-02-03T20:29:32 IST" name="tearDown" finished-at="2024-02-03T20:29:33 IST" duration-ms="1189" status="PASS">
          <reporter-output>
          </reporter-output>
        </test-method> <!-- tearDown -->
      </class> <!-- curaHealthCare.tests.LoginTest -->
    </test> <!-- LoginTest -->
    <test started-at="2024-02-03T20:29:34 IST" name="ErrorTest" finished-at="2024-02-03T20:29:51 IST" duration-ms="16887">
      <class name="curaHealthCare.tests.ErrorValidationsTest">
        <test-method is-config="true" signature="launchApplication()[pri:0, instance:curaHealthCare.tests.ErrorValidationsTest@790da477]" started-at="2024-02-03T20:29:34 IST" name="launchApplication" finished-at="2024-02-03T20:29:46 IST" duration-ms="12211" status="PASS">
          <reporter-output>
          </reporter-output>
        </test-method> <!-- launchApplication -->
        <test-method signature="verifyLoginErrorMessage()[pri:0, instance:curaHealthCare.tests.ErrorValidationsTest@790da477]" started-at="2024-02-03T20:29:46 IST" name="verifyLoginErrorMessage" finished-at="2024-02-03T20:29:50 IST" duration-ms="4282" status="PASS">
          <reporter-output>
          </reporter-output>
        </test-method> <!-- verifyLoginErrorMessage -->
        <test-method is-config="true" signature="tearDown()[pri:0, instance:curaHealthCare.tests.ErrorValidationsTest@790da477]" started-at="2024-02-03T20:29:50 IST" name="tearDown" finished-at="2024-02-03T20:29:51 IST" duration-ms="391" status="PASS">
          <reporter-output>
          </reporter-output>
        </test-method> <!-- tearDown -->
      </class> <!-- curaHealthCare.tests.ErrorValidationsTest -->
    </test> <!-- ErrorTest -->
  </suite> <!-- Suite -->
</testng-results>
