<?xml version="1.0" encoding="UTF-8"?>
<testng-results ignored="0" total="1" passed="1" failed="0" skipped="0">
  <reporter-output>
  </reporter-output>
  <suite started-at="2024-01-30T19:16:15 IST" name="Default suite" finished-at="2024-01-30T19:16:43 IST" duration-ms="28221">
    <groups>
    </groups>
    <test started-at="2024-01-30T19:16:15 IST" name="Default test" finished-at="2024-01-30T19:16:43 IST" duration-ms="28221">
      <class name="curaHealthCare.tests.LoginTest">
        <test-method is-config="true" signature="launchApplication()[pri:0, instance:curaHealthCare.tests.LoginTest@41a0aa7d]" started-at="2024-01-30T19:16:16 IST" name="launchApplication" finished-at="2024-01-30T19:16:38 IST" duration-ms="21818" status="PASS">
          <reporter-output>
          </reporter-output>
        </test-method> <!-- launchApplication -->
        <test-method signature="loginWithNavbar(java.util.HashMap)[pri:0, instance:curaHealthCare.tests.LoginTest@41a0aa7d]" started-at="2024-01-30T19:16:38 IST" name="loginWithNavbar" data-provider="loginData" finished-at="2024-01-30T19:16:42 IST" duration-ms="4473" status="PASS">
          <params>
            <param index="0">
              <value>
                <![CDATA[{password=ThisIsNotAPassword, monthAndYear=March 2025, comment=I want to checkup my teeth, user=John Doe, facility=Tokyo CURA Healthcare Center, day=6}]]>
              </value>
            </param>
          </params>
          <reporter-output>
          </reporter-output>
        </test-method> <!-- loginWithNavbar -->
        <test-method is-config="true" signature="tearDown()[pri:0, instance:curaHealthCare.tests.LoginTest@41a0aa7d]" started-at="2024-01-30T19:16:42 IST" name="tearDown" finished-at="2024-01-30T19:16:43 IST" duration-ms="930" status="PASS">
          <reporter-output>
          </reporter-output>
        </test-method> <!-- tearDown -->
      </class> <!-- curaHealthCare.tests.LoginTest -->
    </test> <!-- Default test -->
  </suite> <!-- Default suite -->
</testng-results>
